<?xml version="1.0" encoding="UTF-8"?>
<!-- Generated by org.testng.reporters.JUnitXMLReporter -->
<testsuite hostname="gjwdeMacBook-Air.local" name="LogIn" tests="1" failures="1" timestamp="14 Mar 2017 05:20:02 GMT" time="108.807" errors="0">
  <testcase name="LogIn" time="69.425" classname="com.trjtest.test.testcases.LogIn.LogIn_005_loginpassed">
    <failure type="org.openqa.selenium.NoSuchElementException" message="An element could not be located on the page using the given search parameters. (WARNING: The server did not provide any stacktrace information)
Command duration or timeout: 11.05 seconds
For documentation on this error, please visit: http://seleniumhq.org/exceptions/no_such_element.html
Build info: version: &amp;apos;2.53.1&amp;apos;, revision: &amp;apos;a36b8b1cd5757287168e54b817830adce9b0158d&amp;apos;, time: &amp;apos;2016-06-30 19:26:09&amp;apos;
System info: host: &amp;apos;gjwdeMacBook-Air.local&amp;apos;, ip: &amp;apos;172.16.30.64&amp;apos;, os.name: &amp;apos;Mac OS X&amp;apos;, os.arch: &amp;apos;x86_64&amp;apos;, os.version: &amp;apos;10.11.5&amp;apos;, java.version: &amp;apos;1.8.0_121&amp;apos;
Driver info: io.appium.java_client.ios.IOSDriver
Capabilities [{app=/Users/gjw/Desktop/trjtest/res/app/ios/touRong.ipa, networkConnectionEnabled=false, bundleId=null, databaseEnabled=false, deviceName=iPhone 5s, platform=MAC, platformVersion=10.2.1, webStorageEnabled=false, locationContextEnabled=false, automationName=XCUITest, browserName=, takesScreenshot=true, javascriptEnabled=true, sessionOverride=true, platformName=iOS, udid=800ace47badb1b91e7b11353ecbdf925574242fa, autoAcceptAlerts=true}]
Session ID: e7a6ef17-f6fe-4602-8584-7694c0578533
*** Element info: {Using=id, value=com.trj.hp:id/edit_username}">
      <![CDATA[org.openqa.selenium.NoSuchElementException: An element could not be located on the page using the given search parameters. (WARNING: The server did not provide any stacktrace information)
Command duration or timeout: 11.05 seconds
For documentation on this error, please visit: http://seleniumhq.org/exceptions/no_such_element.html
Build info: version: '2.53.1', revision: 'a36b8b1cd5757287168e54b817830adce9b0158d', time: '2016-06-30 19:26:09'
System info: host: 'gjwdeMacBook-Air.local', ip: '172.16.30.64', os.name: 'Mac OS X', os.arch: 'x86_64', os.version: '10.11.5', java.version: '1.8.0_121'
Driver info: io.appium.java_client.ios.IOSDriver
Capabilities [{app=/Users/gjw/Desktop/trjtest/res/app/ios/touRong.ipa, networkConnectionEnabled=false, bundleId=null, databaseEnabled=false, deviceName=iPhone 5s, platform=MAC, platformVersion=10.2.1, webStorageEnabled=false, locationContextEnabled=false, automationName=XCUITest, browserName=, takesScreenshot=true, javascriptEnabled=true, sessionOverride=true, platformName=iOS, udid=800ace47badb1b91e7b11353ecbdf925574242fa, autoAcceptAlerts=true}]
Session ID: e7a6ef17-f6fe-4602-8584-7694c0578533
*** Element info: {Using=id, value=com.trj.hp:id/edit_username}
	at org.openqa.selenium.remote.ErrorHandler.createThrowable(ErrorHandler.java:206)
	at org.openqa.selenium.remote.ErrorHandler.throwIfResponseFailed(ErrorHandler.java:158)
	at org.openqa.selenium.remote.RemoteWebDriver.execute(RemoteWebDriver.java:678)
	at io.appium.java_client.AppiumDriver.execute(AppiumDriver.java:180)
	at org.openqa.selenium.remote.RemoteWebDriver.findElement(RemoteWebDriver.java:363)
	at org.openqa.selenium.remote.RemoteWebDriver.findElementById(RemoteWebDriver.java:413)
	at org.openqa.selenium.By$ById.findElement(By.java:218)
	at org.openqa.selenium.remote.RemoteWebDriver.findElement(RemoteWebDriver.java:355)
	at com.trjtest.test.utils.AppiumUtil.findElement(AppiumUtil.java:76)
	at com.trjtest.test.utils.AppiumUtil.typeContent(AppiumUtil.java:109)
	at com.trjtest.test.pageshelper.LogInHelper.typeMoblie(LogInHelper.java:30)
	at com.trjtest.test.pagesfunction.LoginMethod.loginmethod(LoginMethod.java:21)
	at com.trjtest.test.testcases.LogIn.LogIn_005_loginpassed.LogIn(LogIn_005_loginpassed.java:42)
	at java.util.concurrent.FutureTask.run(FutureTask.java:266)
	at java.util.concurrent.ThreadPoolExecutor.runWorker(ThreadPoolExecutor.java:1142)
	at java.util.concurrent.ThreadPoolExecutor$Worker.run(ThreadPoolExecutor.java:617)
	at java.lang.Thread.run(Thread.java:745)
... Removed 20 stack frames]]>
    </failure>
  </testcase> <!-- LogIn -->
</testsuite> <!-- LogIn -->
