<?xml version="1.0" encoding="UTF-8"?>
<!-- Generated by org.testng.reporters.JUnitReportReporter -->
<testsuite hostname="gjwdeMacBook-Air.local" name="com.trjtest.test.testcases.LogIn.LogIn_001_loginpassed" tests="1" failures="0" timestamp="8 Mar 2017 06:01:45 GMT" time="39.848" errors="1">
  <testcase name="LogIn" time="39.848" classname="com.trjtest.test.testcases.LogIn.LogIn_001_loginpassed">
    <error type="org.openqa.selenium.NoSuchElementException" message="An element could not be located on the page using the given search parameters. (WARNING: The server did not provide any stacktrace information)
Command duration or timeout: 11.64 seconds
For documentation on this error, please visit: http://seleniumhq.org/exceptions/no_such_element.html
Build info: version: &#039;2.53.1&#039;, revision: &#039;a36b8b1cd5757287168e54b817830adce9b0158d&#039;, time: &#039;2016-06-30 19:26:09&#039;
System info: host: &#039;gjwdeMacBook-Air.local&#039;, ip: &#039;172.16.30.40&#039;, os.name: &#039;Mac OS X&#039;, os.arch: &#039;x86_64&#039;, os.version: &#039;10.11.5&#039;, java.version: &#039;1.8.0_121&#039;
Driver info: io.appium.java_client.android.AndroidDriver
Capabilities [{app=/Users/gjw/Desktop/trjtest/res/app/android/TrjAndroid_V2.1.0_debug.apk, appPackage=com.trj.hp, networkConnectionEnabled=true, warnings={}, databaseEnabled=false, deviceName=c493c270, avd=, platform=LINUX, deviceUDID=c493c270, appActivity=com.trj.hp.ui.LoadingActivity, desired={app=/Users/gjw/Desktop/trjtest/res/app/android/TrjAndroid_V2.1.0_debug.apk, appPackage=com.trj.hp, appActivity=com.trj.hp.ui.LoadingActivity, platformVersion=6.0.1, automationName=Appium, sessionOverride=true, unicodeKeyboard=true, platformName=Android, deviceName=appium-test-avd, resetKeyboard=true, avd=}, platformVersion=6.0.1, webStorageEnabled=false, locationContextEnabled=false, automationName=Appium, takesScreenshot=true, javascriptEnabled=true, sessionOverride=true, unicodeKeyboard=true, platformName=Android, resetKeyboard=true}]
Session ID: e7c7a5e1-40f9-440c-bc21-d602506b95c4
*** Element info: {Using=id, value=com.trj.hp:id/edit_username}">
      <![CDATA[org.openqa.selenium.NoSuchElementException: An element could not be located on the page using the given search parameters. (WARNING: The server did not provide any stacktrace information)
Command duration or timeout: 11.64 seconds
For documentation on this error, please visit: http://seleniumhq.org/exceptions/no_such_element.html
Build info: version: '2.53.1', revision: 'a36b8b1cd5757287168e54b817830adce9b0158d', time: '2016-06-30 19:26:09'
System info: host: 'gjwdeMacBook-Air.local', ip: '172.16.30.40', os.name: 'Mac OS X', os.arch: 'x86_64', os.version: '10.11.5', java.version: '1.8.0_121'
Driver info: io.appium.java_client.android.AndroidDriver
Capabilities [{app=/Users/gjw/Desktop/trjtest/res/app/android/TrjAndroid_V2.1.0_debug.apk, appPackage=com.trj.hp, networkConnectionEnabled=true, warnings={}, databaseEnabled=false, deviceName=c493c270, avd=, platform=LINUX, deviceUDID=c493c270, appActivity=com.trj.hp.ui.LoadingActivity, desired={app=/Users/gjw/Desktop/trjtest/res/app/android/TrjAndroid_V2.1.0_debug.apk, appPackage=com.trj.hp, appActivity=com.trj.hp.ui.LoadingActivity, platformVersion=6.0.1, automationName=Appium, sessionOverride=true, unicodeKeyboard=true, platformName=Android, deviceName=appium-test-avd, resetKeyboard=true, avd=}, platformVersion=6.0.1, webStorageEnabled=false, locationContextEnabled=false, automationName=Appium, takesScreenshot=true, javascriptEnabled=true, sessionOverride=true, unicodeKeyboard=true, platformName=Android, resetKeyboard=true}]
Session ID: e7c7a5e1-40f9-440c-bc21-d602506b95c4
*** Element info: {Using=id, value=com.trj.hp:id/edit_username}
	at sun.reflect.NativeConstructorAccessorImpl.newInstance0(Native Method)
	at sun.reflect.NativeConstructorAccessorImpl.newInstance(NativeConstructorAccessorImpl.java:62)
	at sun.reflect.DelegatingConstructorAccessorImpl.newInstance(DelegatingConstructorAccessorImpl.java:45)
	at java.lang.reflect.Constructor.newInstance(Constructor.java:423)
	at org.openqa.selenium.remote.ErrorHandler.createThrowable(ErrorHandler.java:206)
	at org.openqa.selenium.remote.ErrorHandler.throwIfResponseFailed(ErrorHandler.java:158)
	at org.openqa.selenium.remote.RemoteWebDriver.execute(RemoteWebDriver.java:678)
	at io.appium.java_client.AppiumDriver.execute(AppiumDriver.java:180)
	at org.openqa.selenium.remote.RemoteWebDriver.findElement(RemoteWebDriver.java:363)
	at org.openqa.selenium.remote.RemoteWebDriver.findElementById(RemoteWebDriver.java:413)
	at org.openqa.selenium.By$ById.findElement(By.java:218)
	at org.openqa.selenium.remote.RemoteWebDriver.findElement(RemoteWebDriver.java:355)
	at com.trjtest.test.utils.AppiumUtil.findElement(AppiumUtil.java:76)
	at com.trjtest.test.utils.AppiumUtil.typeContent(AppiumUtil.java:109)
	at com.trjtest.test.pageshelper.LogInHelper.typeMoblie(LogInHelper.java:30)
	at com.trjtest.test.testcases.LogIn.LogIn_001_loginpassed.LogIn(LogIn_001_loginpassed.java:38)
	at sun.reflect.NativeMethodAccessorImpl.invoke0(Native Method)
	at sun.reflect.NativeMethodAccessorImpl.invoke(NativeMethodAccessorImpl.java:62)
	at sun.reflect.DelegatingMethodAccessorImpl.invoke(DelegatingMethodAccessorImpl.java:43)
	at java.lang.reflect.Method.invoke(Method.java:498)
	at org.testng.internal.MethodInvocationHelper.invokeMethod(MethodInvocationHelper.java:86)
	at org.testng.internal.Invoker.invokeMethod(Invoker.java:643)
	at org.testng.internal.Invoker.invokeTestMethod(Invoker.java:820)
	at org.testng.internal.Invoker.invokeTestMethods(Invoker.java:1128)
	at org.testng.internal.TestMethodWorker.invokeTestMethods(TestMethodWorker.java:129)
	at org.testng.internal.TestMethodWorker.run(TestMethodWorker.java:112)
	at org.testng.TestRunner.privateRun(TestRunner.java:782)
	at org.testng.TestRunner.run(TestRunner.java:632)
	at org.testng.SuiteRunner.runTest(SuiteRunner.java:366)
	at org.testng.SuiteRunner.access$000(SuiteRunner.java:39)
	at org.testng.SuiteRunner$SuiteWorker.run(SuiteRunner.java:400)
	at org.testng.internal.thread.ThreadUtil$2.call(ThreadUtil.java:64)
	at java.util.concurrent.FutureTask.run(FutureTask.java:266)
	at java.util.concurrent.ThreadPoolExecutor.runWorker(ThreadPoolExecutor.java:1142)
	at java.util.concurrent.ThreadPoolExecutor$Worker.run(ThreadPoolExecutor.java:617)
	at java.lang.Thread.run(Thread.java:745)
]]>
    </error>
  </testcase> <!-- LogIn -->
</testsuite> <!-- com.trjtest.test.testcases.LogIn.LogIn_001_loginpassed -->
